python version= 3.9.7 (default, Sep 16 2021, 13:09:58) 
[GCC 7.5.0]
numpy version= 1.21.2
catboost version= 0.26.1

        Using
        ```
        y = model.predict(
            np.ascontiguousarray([x for x in X(batch_size)], dtype=object),
            thread_count=1
        )
        ```
    

Loading model.cbm...
Starting 3000000 iterations of batch_size: 150
iter 10000 y=0.4781127963231944 elapsed=19.106s ms/call: 1.910649 ms/item: 0.012738 mem: 90.184Mb max: 90.184Mb
iter 20000 y=0.4781127963231944 elapsed=19.236s ms/call: 1.923590 ms/item: 0.012824 mem: 91.980Mb max: 91.980Mb
iter 30000 y=0.4781127963231944 elapsed=19.100s ms/call: 1.910013 ms/item: 0.012733 mem: 94.297Mb max: 94.297Mb
iter 40000 y=0.4781127963231944 elapsed=19.089s ms/call: 1.908853 ms/item: 0.012726 mem: 95.844Mb max: 95.844Mb
iter 50000 y=0.4781127963231944 elapsed=19.069s ms/call: 1.906860 ms/item: 0.012712 mem: 97.391Mb max: 97.391Mb
iter 60000 y=0.4781127963231944 elapsed=19.076s ms/call: 1.907575 ms/item: 0.012717 mem: 100.480Mb max: 100.480Mb
iter 70000 y=0.4781127963231944 elapsed=19.081s ms/call: 1.908095 ms/item: 0.012721 mem: 102.027Mb max: 102.027Mb
iter 80000 y=0.4781127963231944 elapsed=19.077s ms/call: 1.907669 ms/item: 0.012718 mem: 103.316Mb max: 103.316Mb
iter 90000 y=0.4781127963231944 elapsed=19.083s ms/call: 1.908266 ms/item: 0.012722 mem: 104.863Mb max: 104.863Mb
iter 100000 y=0.4781127963231944 elapsed=19.070s ms/call: 1.907045 ms/item: 0.012714 mem: 106.410Mb max: 106.410Mb
iter 110000 y=0.4781127963231944 elapsed=19.072s ms/call: 1.907195 ms/item: 0.012715 mem: 111.043Mb max: 111.043Mb
iter 120000 y=0.4781127963231944 elapsed=19.067s ms/call: 1.906745 ms/item: 0.012712 mem: 112.590Mb max: 112.590Mb
iter 130000 y=0.4781127963231944 elapsed=19.064s ms/call: 1.906404 ms/item: 0.012709 mem: 114.137Mb max: 114.137Mb
iter 140000 y=0.4781127963231944 elapsed=19.078s ms/call: 1.907783 ms/item: 0.012719 mem: 115.684Mb max: 115.684Mb
iter 150000 y=0.4781127963231944 elapsed=19.062s ms/call: 1.906228 ms/item: 0.012708 mem: 117.230Mb max: 117.230Mb
iter 160000 y=0.4781127963231944 elapsed=19.072s ms/call: 1.907177 ms/item: 0.012715 mem: 118.520Mb max: 118.520Mb
iter 170000 y=0.4781127963231944 elapsed=19.076s ms/call: 1.907559 ms/item: 0.012717 mem: 120.066Mb max: 120.066Mb
iter 180000 y=0.4781127963231944 elapsed=19.078s ms/call: 1.907792 ms/item: 0.012719 mem: 121.613Mb max: 121.613Mb
iter 190000 y=0.4781127963231944 elapsed=19.078s ms/call: 1.907801 ms/item: 0.012719 mem: 123.160Mb max: 123.160Mb
iter 200000 y=0.4781127963231944 elapsed=19.105s ms/call: 1.910472 ms/item: 0.012736 mem: 130.887Mb max: 130.887Mb
iter 210000 y=0.4781127963231944 elapsed=19.087s ms/call: 1.908728 ms/item: 0.012725 mem: 132.176Mb max: 132.176Mb
iter 220000 y=0.4781127963231944 elapsed=19.085s ms/call: 1.908517 ms/item: 0.012723 mem: 133.723Mb max: 133.723Mb
iter 230000 y=0.4781127963231944 elapsed=19.071s ms/call: 1.907148 ms/item: 0.012714 mem: 135.270Mb max: 135.270Mb
iter 240000 y=0.4781127963231944 elapsed=19.068s ms/call: 1.906755 ms/item: 0.012712 mem: 136.816Mb max: 136.816Mb
iter 250000 y=0.4781127963231944 elapsed=19.059s ms/call: 1.905888 ms/item: 0.012706 mem: 138.363Mb max: 138.363Mb
iter 260000 y=0.4781127963231944 elapsed=19.072s ms/call: 1.907175 ms/item: 0.012714 mem: 139.910Mb max: 139.910Mb
iter 270000 y=0.4781127963231944 elapsed=19.072s ms/call: 1.907158 ms/item: 0.012714 mem: 141.457Mb max: 141.457Mb
iter 280000 y=0.4781127963231944 elapsed=19.070s ms/call: 1.907029 ms/item: 0.012714 mem: 143.004Mb max: 143.004Mb
iter 290000 y=0.4781127963231944 elapsed=19.069s ms/call: 1.906871 ms/item: 0.012712 mem: 144.551Mb max: 144.551Mb
iter 300000 y=0.4781127963231944 elapsed=19.052s ms/call: 1.905196 ms/item: 0.012701 mem: 146.098Mb max: 146.098Mb
iter 310000 y=0.4781127963231944 elapsed=19.064s ms/call: 1.906405 ms/item: 0.012709 mem: 147.645Mb max: 147.645Mb
iter 320000 y=0.4781127963231944 elapsed=19.079s ms/call: 1.907931 ms/item: 0.012720 mem: 149.191Mb max: 149.191Mb
iter 330000 y=0.4781127963231944 elapsed=19.118s ms/call: 1.911816 ms/item: 0.012745 mem: 150.480Mb max: 150.480Mb
iter 340000 y=0.4781127963231944 elapsed=19.088s ms/call: 1.908753 ms/item: 0.012725 mem: 152.027Mb max: 152.027Mb
iter 350000 y=0.4781127963231944 elapsed=19.075s ms/call: 1.907541 ms/item: 0.012717 mem: 153.574Mb max: 153.574Mb
iter 360000 y=0.4781127963231944 elapsed=19.079s ms/call: 1.907874 ms/item: 0.012719 mem: 155.121Mb max: 155.121Mb
iter 370000 y=0.4781127963231944 elapsed=19.074s ms/call: 1.907395 ms/item: 0.012716 mem: 156.668Mb max: 156.668Mb
iter 380000 y=0.4781127963231944 elapsed=19.075s ms/call: 1.907510 ms/item: 0.012717 mem: 158.215Mb max: 158.215Mb
iter 390000 y=0.4781127963231944 elapsed=19.073s ms/call: 1.907335 ms/item: 0.012716 mem: 159.762Mb max: 159.762Mb
iter 400000 y=0.4781127963231944 elapsed=19.100s ms/call: 1.909996 ms/item: 0.012733 mem: 173.418Mb max: 173.418Mb
iter 410000 y=0.4781127963231944 elapsed=19.064s ms/call: 1.906364 ms/item: 0.012709 mem: 174.707Mb max: 174.707Mb
iter 420000 y=0.4781127963231944 elapsed=19.073s ms/call: 1.907305 ms/item: 0.012715 mem: 176.254Mb max: 176.254Mb
iter 430000 y=0.4781127963231944 elapsed=19.105s ms/call: 1.910496 ms/item: 0.012737 mem: 177.801Mb max: 177.801Mb
iter 440000 y=0.4781127963231944 elapsed=19.076s ms/call: 1.907647 ms/item: 0.012718 mem: 179.348Mb max: 179.348Mb
iter 450000 y=0.4781127963231944 elapsed=19.084s ms/call: 1.908351 ms/item: 0.012722 mem: 180.895Mb max: 180.895Mb
iter 460000 y=0.4781127963231944 elapsed=19.083s ms/call: 1.908347 ms/item: 0.012722 mem: 182.441Mb max: 182.441Mb
iter 470000 y=0.4781127963231944 elapsed=19.091s ms/call: 1.909073 ms/item: 0.012727 mem: 183.988Mb max: 183.988Mb
iter 480000 y=0.4781127963231944 elapsed=19.085s ms/call: 1.908489 ms/item: 0.012723 mem: 185.535Mb max: 185.535Mb
iter 490000 y=0.4781127963231944 elapsed=19.104s ms/call: 1.910422 ms/item: 0.012736 mem: 187.082Mb max: 187.082Mb
iter 500000 y=0.4781127963231944 elapsed=19.087s ms/call: 1.908653 ms/item: 0.012724 mem: 188.629Mb max: 188.629Mb
iter 510000 y=0.4781127963231944 elapsed=19.080s ms/call: 1.908005 ms/item: 0.012720 mem: 190.176Mb max: 190.176Mb
iter 520000 y=0.4781127963231944 elapsed=19.095s ms/call: 1.909495 ms/item: 0.012730 mem: 191.723Mb max: 191.723Mb
iter 530000 y=0.4781127963231944 elapsed=19.085s ms/call: 1.908505 ms/item: 0.012723 mem: 193.012Mb max: 193.012Mb
iter 540000 y=0.4781127963231944 elapsed=19.085s ms/call: 1.908541 ms/item: 0.012724 mem: 194.559Mb max: 194.559Mb
iter 550000 y=0.4781127963231944 elapsed=19.085s ms/call: 1.908544 ms/item: 0.012724 mem: 196.105Mb max: 196.105Mb
iter 560000 y=0.4781127963231944 elapsed=19.091s ms/call: 1.909114 ms/item: 0.012727 mem: 197.652Mb max: 197.652Mb
iter 570000 y=0.4781127963231944 elapsed=19.064s ms/call: 1.906378 ms/item: 0.012709 mem: 199.199Mb max: 199.199Mb
iter 580000 y=0.4781127963231944 elapsed=19.066s ms/call: 1.906598 ms/item: 0.012711 mem: 200.746Mb max: 200.746Mb
iter 590000 y=0.4781127963231944 elapsed=19.063s ms/call: 1.906324 ms/item: 0.012709 mem: 202.293Mb max: 202.293Mb
iter 600000 y=0.4781127963231944 elapsed=19.071s ms/call: 1.907117 ms/item: 0.012714 mem: 203.840Mb max: 203.840Mb
iter 610000 y=0.4781127963231944 elapsed=19.073s ms/call: 1.907278 ms/item: 0.012715 mem: 205.387Mb max: 205.387Mb
iter 620000 y=0.4781127963231944 elapsed=19.073s ms/call: 1.907252 ms/item: 0.012715 mem: 206.934Mb max: 206.934Mb
iter 630000 y=0.4781127963231944 elapsed=19.072s ms/call: 1.907162 ms/item: 0.012714 mem: 208.480Mb max: 208.480Mb
iter 640000 y=0.4781127963231944 elapsed=19.092s ms/call: 1.909210 ms/item: 0.012728 mem: 210.027Mb max: 210.027Mb
iter 650000 y=0.4781127963231944 elapsed=19.074s ms/call: 1.907428 ms/item: 0.012716 mem: 211.316Mb max: 211.316Mb
iter 660000 y=0.4781127963231944 elapsed=19.067s ms/call: 1.906748 ms/item: 0.012712 mem: 212.863Mb max: 212.863Mb
iter 670000 y=0.4781127963231944 elapsed=19.078s ms/call: 1.907769 ms/item: 0.012718 mem: 214.410Mb max: 214.410Mb
iter 680000 y=0.4781127963231944 elapsed=19.077s ms/call: 1.907710 ms/item: 0.012718 mem: 215.957Mb max: 215.957Mb
iter 690000 y=0.4781127963231944 elapsed=19.061s ms/call: 1.906095 ms/item: 0.012707 mem: 217.504Mb max: 217.504Mb
iter 700000 y=0.4781127963231944 elapsed=19.072s ms/call: 1.907225 ms/item: 0.012715 mem: 219.051Mb max: 219.051Mb
iter 710000 y=0.4781127963231944 elapsed=19.075s ms/call: 1.907464 ms/item: 0.012716 mem: 220.598Mb max: 220.598Mb
iter 720000 y=0.4781127963231944 elapsed=19.076s ms/call: 1.907575 ms/item: 0.012717 mem: 222.145Mb max: 222.145Mb
iter 730000 y=0.4781127963231944 elapsed=19.072s ms/call: 1.907153 ms/item: 0.012714 mem: 223.691Mb max: 223.691Mb
iter 740000 y=0.4781127963231944 elapsed=19.080s ms/call: 1.908001 ms/item: 0.012720 mem: 225.238Mb max: 225.238Mb
iter 750000 y=0.4781127963231944 elapsed=19.079s ms/call: 1.907930 ms/item: 0.012720 mem: 226.785Mb max: 226.785Mb
iter 760000 y=0.4781127963231944 elapsed=19.088s ms/call: 1.908807 ms/item: 0.012725 mem: 228.332Mb max: 228.332Mb
iter 770000 y=0.4781127963231944 elapsed=19.085s ms/call: 1.908535 ms/item: 0.012724 mem: 229.879Mb max: 229.879Mb
iter 780000 y=0.4781127963231944 elapsed=19.072s ms/call: 1.907240 ms/item: 0.012715 mem: 231.168Mb max: 231.168Mb
iter 790000 y=0.4781127963231944 elapsed=19.122s ms/call: 1.912180 ms/item: 0.012748 mem: 256.688Mb max: 256.688Mb
iter 800000 y=0.4781127963231944 elapsed=19.113s ms/call: 1.911273 ms/item: 0.012742 mem: 258.234Mb max: 258.234Mb
iter 810000 y=0.4781127963231944 elapsed=19.095s ms/call: 1.909517 ms/item: 0.012730 mem: 259.781Mb max: 259.781Mb
iter 820000 y=0.4781127963231944 elapsed=19.079s ms/call: 1.907950 ms/item: 0.012720 mem: 261.328Mb max: 261.328Mb
iter 830000 y=0.4781127963231944 elapsed=19.070s ms/call: 1.907018 ms/item: 0.012713 mem: 262.875Mb max: 262.875Mb
iter 840000 y=0.4781127963231944 elapsed=19.080s ms/call: 1.908036 ms/item: 0.012720 mem: 264.422Mb max: 264.422Mb
iter 850000 y=0.4781127963231944 elapsed=19.078s ms/call: 1.907751 ms/item: 0.012718 mem: 265.969Mb max: 265.969Mb
iter 860000 y=0.4781127963231944 elapsed=19.076s ms/call: 1.907566 ms/item: 0.012717 mem: 267.516Mb max: 267.516Mb
iter 870000 y=0.4781127963231944 elapsed=19.074s ms/call: 1.907439 ms/item: 0.012716 mem: 269.062Mb max: 269.062Mb
iter 880000 y=0.4781127963231944 elapsed=19.082s ms/call: 1.908192 ms/item: 0.012721 mem: 270.609Mb max: 270.609Mb
iter 890000 y=0.4781127963231944 elapsed=19.067s ms/call: 1.906691 ms/item: 0.012711 mem: 272.156Mb max: 272.156Mb
iter 900000 y=0.4781127963231944 elapsed=19.075s ms/call: 1.907458 ms/item: 0.012716 mem: 273.703Mb max: 273.703Mb
iter 910000 y=0.4781127963231944 elapsed=19.060s ms/call: 1.905998 ms/item: 0.012707 mem: 275.250Mb max: 275.250Mb
iter 920000 y=0.4781127963231944 elapsed=19.080s ms/call: 1.907981 ms/item: 0.012720 mem: 276.539Mb max: 276.539Mb
iter 930000 y=0.4781127963231944 elapsed=19.084s ms/call: 1.908356 ms/item: 0.012722 mem: 278.086Mb max: 278.086Mb
iter 940000 y=0.4781127963231944 elapsed=19.083s ms/call: 1.908308 ms/item: 0.012722 mem: 279.633Mb max: 279.633Mb
iter 950000 y=0.4781127963231944 elapsed=19.075s ms/call: 1.907464 ms/item: 0.012716 mem: 281.180Mb max: 281.180Mb
iter 960000 y=0.4781127963231944 elapsed=19.103s ms/call: 1.910305 ms/item: 0.012735 mem: 282.727Mb max: 282.727Mb
iter 970000 y=0.4781127963231944 elapsed=19.092s ms/call: 1.909155 ms/item: 0.012728 mem: 284.273Mb max: 284.273Mb
iter 980000 y=0.4781127963231944 elapsed=19.061s ms/call: 1.906107 ms/item: 0.012707 mem: 285.820Mb max: 285.820Mb
iter 990000 y=0.4781127963231944 elapsed=19.067s ms/call: 1.906691 ms/item: 0.012711 mem: 287.367Mb max: 287.367Mb
iter 1000000 y=0.4781127963231944 elapsed=19.067s ms/call: 1.906727 ms/item: 0.012712 mem: 288.914Mb max: 288.914Mb
iter 1010000 y=0.4781127963231944 elapsed=19.065s ms/call: 1.906518 ms/item: 0.012710 mem: 290.461Mb max: 290.461Mb
iter 1020000 y=0.4781127963231944 elapsed=19.068s ms/call: 1.906816 ms/item: 0.012712 mem: 292.008Mb max: 292.008Mb
iter 1030000 y=0.4781127963231944 elapsed=19.073s ms/call: 1.907306 ms/item: 0.012715 mem: 293.555Mb max: 293.555Mb
iter 1040000 y=0.4781127963231944 elapsed=19.088s ms/call: 1.908836 ms/item: 0.012726 mem: 294.844Mb max: 294.844Mb
iter 1050000 y=0.4781127963231944 elapsed=19.091s ms/call: 1.909123 ms/item: 0.012727 mem: 296.391Mb max: 296.391Mb
iter 1060000 y=0.4781127963231944 elapsed=19.084s ms/call: 1.908409 ms/item: 0.012723 mem: 297.938Mb max: 297.938Mb
iter 1070000 y=0.4781127963231944 elapsed=19.080s ms/call: 1.907958 ms/item: 0.012720 mem: 299.484Mb max: 299.484Mb
iter 1080000 y=0.4781127963231944 elapsed=19.080s ms/call: 1.908012 ms/item: 0.012720 mem: 301.031Mb max: 301.031Mb
iter 1090000 y=0.4781127963231944 elapsed=19.088s ms/call: 1.908789 ms/item: 0.012725 mem: 302.578Mb max: 302.578Mb
iter 1100000 y=0.4781127963231944 elapsed=19.069s ms/call: 1.906923 ms/item: 0.012713 mem: 304.125Mb max: 304.125Mb
iter 1110000 y=0.4781127963231944 elapsed=19.076s ms/call: 1.907630 ms/item: 0.012718 mem: 305.672Mb max: 305.672Mb
iter 1120000 y=0.4781127963231944 elapsed=19.078s ms/call: 1.907774 ms/item: 0.012718 mem: 307.219Mb max: 307.219Mb
iter 1130000 y=0.4781127963231944 elapsed=19.076s ms/call: 1.907587 ms/item: 0.012717 mem: 308.766Mb max: 308.766Mb
iter 1140000 y=0.4781127963231944 elapsed=19.067s ms/call: 1.906678 ms/item: 0.012711 mem: 310.312Mb max: 310.312Mb
iter 1150000 y=0.4781127963231944 elapsed=19.073s ms/call: 1.907298 ms/item: 0.012715 mem: 311.859Mb max: 311.859Mb
iter 1160000 y=0.4781127963231944 elapsed=19.100s ms/call: 1.910019 ms/item: 0.012733 mem: 313.148Mb max: 313.148Mb
iter 1170000 y=0.4781127963231944 elapsed=19.070s ms/call: 1.907036 ms/item: 0.012714 mem: 314.695Mb max: 314.695Mb
iter 1180000 y=0.4781127963231944 elapsed=19.078s ms/call: 1.907836 ms/item: 0.012719 mem: 316.242Mb max: 316.242Mb
iter 1190000 y=0.4781127963231944 elapsed=19.072s ms/call: 1.907152 ms/item: 0.012714 mem: 317.789Mb max: 317.789Mb
iter 1200000 y=0.4781127963231944 elapsed=19.066s ms/call: 1.906573 ms/item: 0.012710 mem: 319.336Mb max: 319.336Mb
iter 1210000 y=0.4781127963231944 elapsed=19.069s ms/call: 1.906937 ms/item: 0.012713 mem: 320.883Mb max: 320.883Mb
iter 1220000 y=0.4781127963231944 elapsed=19.077s ms/call: 1.907700 ms/item: 0.012718 mem: 322.430Mb max: 322.430Mb
iter 1230000 y=0.4781127963231944 elapsed=19.074s ms/call: 1.907366 ms/item: 0.012716 mem: 323.977Mb max: 323.977Mb
iter 1240000 y=0.4781127963231944 elapsed=19.076s ms/call: 1.907569 ms/item: 0.012717 mem: 325.523Mb max: 325.523Mb
iter 1250000 y=0.4781127963231944 elapsed=19.070s ms/call: 1.907029 ms/item: 0.012714 mem: 327.070Mb max: 327.070Mb
iter 1260000 y=0.4781127963231944 elapsed=19.059s ms/call: 1.905860 ms/item: 0.012706 mem: 328.617Mb max: 328.617Mb
iter 1270000 y=0.4781127963231944 elapsed=19.091s ms/call: 1.909107 ms/item: 0.012727 mem: 330.164Mb max: 330.164Mb
iter 1280000 y=0.4781127963231944 elapsed=19.078s ms/call: 1.907763 ms/item: 0.012718 mem: 331.453Mb max: 331.453Mb
iter 1290000 y=0.4781127963231944 elapsed=19.071s ms/call: 1.907121 ms/item: 0.012714 mem: 333.000Mb max: 333.000Mb
iter 1300000 y=0.4781127963231944 elapsed=19.071s ms/call: 1.907127 ms/item: 0.012714 mem: 334.547Mb max: 334.547Mb
iter 1310000 y=0.4781127963231944 elapsed=19.066s ms/call: 1.906608 ms/item: 0.012711 mem: 336.094Mb max: 336.094Mb
iter 1320000 y=0.4781127963231944 elapsed=19.075s ms/call: 1.907548 ms/item: 0.012717 mem: 337.641Mb max: 337.641Mb
iter 1330000 y=0.4781127963231944 elapsed=19.069s ms/call: 1.906866 ms/item: 0.012712 mem: 339.188Mb max: 339.188Mb
iter 1340000 y=0.4781127963231944 elapsed=19.069s ms/call: 1.906912 ms/item: 0.012713 mem: 340.734Mb max: 340.734Mb
iter 1350000 y=0.4781127963231944 elapsed=19.062s ms/call: 1.906248 ms/item: 0.012708 mem: 342.281Mb max: 342.281Mb
iter 1360000 y=0.4781127963231944 elapsed=19.061s ms/call: 1.906077 ms/item: 0.012707 mem: 343.828Mb max: 343.828Mb
iter 1370000 y=0.4781127963231944 elapsed=19.062s ms/call: 1.906223 ms/item: 0.012708 mem: 345.375Mb max: 345.375Mb
iter 1380000 y=0.4781127963231944 elapsed=19.077s ms/call: 1.907701 ms/item: 0.012718 mem: 346.922Mb max: 346.922Mb
iter 1390000 y=0.4781127963231944 elapsed=19.085s ms/call: 1.908458 ms/item: 0.012723 mem: 348.469Mb max: 348.469Mb
iter 1400000 y=0.4781127963231944 elapsed=19.078s ms/call: 1.907802 ms/item: 0.012719 mem: 350.016Mb max: 350.016Mb
iter 1410000 y=0.4781127963231944 elapsed=19.079s ms/call: 1.907946 ms/item: 0.012720 mem: 351.305Mb max: 351.305Mb
iter 1420000 y=0.4781127963231944 elapsed=19.082s ms/call: 1.908190 ms/item: 0.012721 mem: 352.852Mb max: 352.852Mb
iter 1430000 y=0.4781127963231944 elapsed=19.129s ms/call: 1.912910 ms/item: 0.012753 mem: 354.398Mb max: 354.398Mb
iter 1440000 y=0.4781127963231944 elapsed=19.097s ms/call: 1.909709 ms/item: 0.012731 mem: 355.945Mb max: 355.945Mb
iter 1450000 y=0.4781127963231944 elapsed=19.092s ms/call: 1.909172 ms/item: 0.012728 mem: 357.492Mb max: 357.492Mb
iter 1460000 y=0.4781127963231944 elapsed=19.066s ms/call: 1.906621 ms/item: 0.012711 mem: 359.039Mb max: 359.039Mb
iter 1470000 y=0.4781127963231944 elapsed=19.065s ms/call: 1.906466 ms/item: 0.012710 mem: 360.586Mb max: 360.586Mb
iter 1480000 y=0.4781127963231944 elapsed=19.069s ms/call: 1.906913 ms/item: 0.012713 mem: 362.133Mb max: 362.133Mb
iter 1490000 y=0.4781127963231944 elapsed=19.070s ms/call: 1.907029 ms/item: 0.012714 mem: 363.680Mb max: 363.680Mb
iter 1500000 y=0.4781127963231944 elapsed=19.071s ms/call: 1.907123 ms/item: 0.012714 mem: 365.227Mb max: 365.227Mb
iter 1510000 y=0.4781127963231944 elapsed=19.074s ms/call: 1.907445 ms/item: 0.012716 mem: 366.773Mb max: 366.773Mb
iter 1520000 y=0.4781127963231944 elapsed=19.082s ms/call: 1.908223 ms/item: 0.012721 mem: 368.320Mb max: 368.320Mb
iter 1530000 y=0.4781127963231944 elapsed=19.085s ms/call: 1.908456 ms/item: 0.012723 mem: 369.609Mb max: 369.609Mb
iter 1540000 y=0.4781127963231944 elapsed=19.069s ms/call: 1.906892 ms/item: 0.012713 mem: 371.156Mb max: 371.156Mb
iter 1550000 y=0.4781127963231944 elapsed=19.072s ms/call: 1.907209 ms/item: 0.012715 mem: 372.703Mb max: 372.703Mb
iter 1560000 y=0.4781127963231944 elapsed=19.064s ms/call: 1.906368 ms/item: 0.012709 mem: 374.250Mb max: 374.250Mb
iter 1570000 y=0.4781127963231944 elapsed=19.092s ms/call: 1.909185 ms/item: 0.012728 mem: 375.797Mb max: 375.797Mb
iter 1580000 y=0.4781127963231944 elapsed=19.173s ms/call: 1.917251 ms/item: 0.012782 mem: 425.293Mb max: 425.293Mb
iter 1590000 y=0.4781127963231944 elapsed=19.104s ms/call: 1.910401 ms/item: 0.012736 mem: 426.840Mb max: 426.840Mb
iter 1600000 y=0.4781127963231944 elapsed=19.115s ms/call: 1.911459 ms/item: 0.012743 mem: 428.387Mb max: 428.387Mb
iter 1610000 y=0.4781127963231944 elapsed=19.070s ms/call: 1.907046 ms/item: 0.012714 mem: 429.934Mb max: 429.934Mb
iter 1620000 y=0.4781127963231944 elapsed=19.074s ms/call: 1.907414 ms/item: 0.012716 mem: 431.480Mb max: 431.480Mb
iter 1630000 y=0.4781127963231944 elapsed=19.067s ms/call: 1.906722 ms/item: 0.012711 mem: 433.027Mb max: 433.027Mb
iter 1640000 y=0.4781127963231944 elapsed=19.077s ms/call: 1.907687 ms/item: 0.012718 mem: 434.574Mb max: 434.574Mb
iter 1650000 y=0.4781127963231944 elapsed=19.082s ms/call: 1.908242 ms/item: 0.012722 mem: 436.121Mb max: 436.121Mb
iter 1660000 y=0.4781127963231944 elapsed=19.075s ms/call: 1.907494 ms/item: 0.012717 mem: 437.668Mb max: 437.668Mb
iter 1670000 y=0.4781127963231944 elapsed=19.073s ms/call: 1.907312 ms/item: 0.012715 mem: 439.215Mb max: 439.215Mb
iter 1680000 y=0.4781127963231944 elapsed=19.075s ms/call: 1.907488 ms/item: 0.012717 mem: 440.504Mb max: 440.504Mb
iter 1690000 y=0.4781127963231944 elapsed=19.079s ms/call: 1.907942 ms/item: 0.012720 mem: 442.051Mb max: 442.051Mb
iter 1700000 y=0.4781127963231944 elapsed=19.071s ms/call: 1.907068 ms/item: 0.012714 mem: 443.598Mb max: 443.598Mb
iter 1710000 y=0.4781127963231944 elapsed=19.078s ms/call: 1.907773 ms/item: 0.012718 mem: 445.145Mb max: 445.145Mb
iter 1720000 y=0.4781127963231944 elapsed=19.080s ms/call: 1.907979 ms/item: 0.012720 mem: 446.691Mb max: 446.691Mb
iter 1730000 y=0.4781127963231944 elapsed=19.079s ms/call: 1.907919 ms/item: 0.012719 mem: 448.238Mb max: 448.238Mb
iter 1740000 y=0.4781127963231944 elapsed=19.090s ms/call: 1.908998 ms/item: 0.012727 mem: 449.785Mb max: 449.785Mb
iter 1750000 y=0.4781127963231944 elapsed=19.097s ms/call: 1.909685 ms/item: 0.012731 mem: 451.332Mb max: 451.332Mb
iter 1760000 y=0.4781127963231944 elapsed=19.080s ms/call: 1.908023 ms/item: 0.012720 mem: 452.879Mb max: 452.879Mb
iter 1770000 y=0.4781127963231944 elapsed=19.081s ms/call: 1.908068 ms/item: 0.012720 mem: 454.426Mb max: 454.426Mb
iter 1780000 y=0.4781127963231944 elapsed=19.078s ms/call: 1.907802 ms/item: 0.012719 mem: 455.973Mb max: 455.973Mb
iter 1790000 y=0.4781127963231944 elapsed=19.078s ms/call: 1.907832 ms/item: 0.012719 mem: 457.520Mb max: 457.520Mb
iter 1800000 y=0.4781127963231944 elapsed=19.075s ms/call: 1.907471 ms/item: 0.012716 mem: 458.809Mb max: 458.809Mb
iter 1810000 y=0.4781127963231944 elapsed=19.074s ms/call: 1.907418 ms/item: 0.012716 mem: 460.355Mb max: 460.355Mb
iter 1820000 y=0.4781127963231944 elapsed=19.071s ms/call: 1.907130 ms/item: 0.012714 mem: 461.902Mb max: 461.902Mb
iter 1830000 y=0.4781127963231944 elapsed=19.074s ms/call: 1.907406 ms/item: 0.012716 mem: 463.449Mb max: 463.449Mb
iter 1840000 y=0.4781127963231944 elapsed=19.076s ms/call: 1.907634 ms/item: 0.012718 mem: 464.996Mb max: 464.996Mb
iter 1850000 y=0.4781127963231944 elapsed=19.071s ms/call: 1.907059 ms/item: 0.012714 mem: 466.543Mb max: 466.543Mb
iter 1860000 y=0.4781127963231944 elapsed=19.072s ms/call: 1.907175 ms/item: 0.012714 mem: 468.090Mb max: 468.090Mb
iter 1870000 y=0.4781127963231944 elapsed=19.076s ms/call: 1.907578 ms/item: 0.012717 mem: 469.637Mb max: 469.637Mb
iter 1880000 y=0.4781127963231944 elapsed=19.078s ms/call: 1.907792 ms/item: 0.012719 mem: 471.184Mb max: 471.184Mb
iter 1890000 y=0.4781127963231944 elapsed=19.063s ms/call: 1.906267 ms/item: 0.012708 mem: 472.730Mb max: 472.730Mb
iter 1900000 y=0.4781127963231944 elapsed=19.104s ms/call: 1.910385 ms/item: 0.012736 mem: 474.277Mb max: 474.277Mb
iter 1910000 y=0.4781127963231944 elapsed=19.090s ms/call: 1.909007 ms/item: 0.012727 mem: 475.824Mb max: 475.824Mb
iter 1920000 y=0.4781127963231944 elapsed=19.077s ms/call: 1.907674 ms/item: 0.012718 mem: 477.371Mb max: 477.371Mb
iter 1930000 y=0.4781127963231944 elapsed=19.079s ms/call: 1.907932 ms/item: 0.012720 mem: 478.660Mb max: 478.660Mb
iter 1940000 y=0.4781127963231944 elapsed=19.081s ms/call: 1.908146 ms/item: 0.012721 mem: 480.207Mb max: 480.207Mb
iter 1950000 y=0.4781127963231944 elapsed=19.076s ms/call: 1.907599 ms/item: 0.012717 mem: 481.754Mb max: 481.754Mb
iter 1960000 y=0.4781127963231944 elapsed=19.088s ms/call: 1.908792 ms/item: 0.012725 mem: 483.301Mb max: 483.301Mb
iter 1970000 y=0.4781127963231944 elapsed=19.083s ms/call: 1.908256 ms/item: 0.012722 mem: 484.848Mb max: 484.848Mb
iter 1980000 y=0.4781127963231944 elapsed=19.106s ms/call: 1.910622 ms/item: 0.012737 mem: 486.395Mb max: 486.395Mb
iter 1990000 y=0.4781127963231944 elapsed=19.092s ms/call: 1.909178 ms/item: 0.012728 mem: 487.941Mb max: 487.941Mb
iter 2000000 y=0.4781127963231944 elapsed=19.081s ms/call: 1.908143 ms/item: 0.012721 mem: 489.488Mb max: 489.488Mb
iter 2010000 y=0.4781127963231944 elapsed=19.076s ms/call: 1.907560 ms/item: 0.012717 mem: 491.035Mb max: 491.035Mb
iter 2020000 y=0.4781127963231944 elapsed=19.084s ms/call: 1.908372 ms/item: 0.012722 mem: 492.582Mb max: 492.582Mb
iter 2030000 y=0.4781127963231944 elapsed=19.098s ms/call: 1.909800 ms/item: 0.012732 mem: 494.129Mb max: 494.129Mb
iter 2040000 y=0.4781127963231944 elapsed=19.083s ms/call: 1.908264 ms/item: 0.012722 mem: 495.676Mb max: 495.676Mb
iter 2050000 y=0.4781127963231944 elapsed=19.070s ms/call: 1.906971 ms/item: 0.012713 mem: 496.965Mb max: 496.965Mb
iter 2060000 y=0.4781127963231944 elapsed=19.113s ms/call: 1.911287 ms/item: 0.012742 mem: 498.512Mb max: 498.512Mb
iter 2070000 y=0.4781127963231944 elapsed=19.102s ms/call: 1.910244 ms/item: 0.012735 mem: 500.059Mb max: 500.059Mb
iter 2080000 y=0.4781127963231944 elapsed=19.094s ms/call: 1.909416 ms/item: 0.012729 mem: 501.605Mb max: 501.605Mb
iter 2090000 y=0.4781127963231944 elapsed=19.078s ms/call: 1.907760 ms/item: 0.012718 mem: 503.152Mb max: 503.152Mb
iter 2100000 y=0.4781127963231944 elapsed=19.089s ms/call: 1.908893 ms/item: 0.012726 mem: 504.699Mb max: 504.699Mb
iter 2110000 y=0.4781127963231944 elapsed=19.095s ms/call: 1.909458 ms/item: 0.012730 mem: 506.246Mb max: 506.246Mb
iter 2120000 y=0.4781127963231944 elapsed=19.085s ms/call: 1.908471 ms/item: 0.012723 mem: 507.793Mb max: 507.793Mb
iter 2130000 y=0.4781127963231944 elapsed=19.075s ms/call: 1.907517 ms/item: 0.012717 mem: 509.340Mb max: 509.340Mb
iter 2140000 y=0.4781127963231944 elapsed=19.081s ms/call: 1.908059 ms/item: 0.012720 mem: 510.887Mb max: 510.887Mb
iter 2150000 y=0.4781127963231944 elapsed=19.077s ms/call: 1.907726 ms/item: 0.012718 mem: 512.434Mb max: 512.434Mb
iter 2160000 y=0.4781127963231944 elapsed=19.083s ms/call: 1.908289 ms/item: 0.012722 mem: 513.980Mb max: 513.980Mb
iter 2170000 y=0.4781127963231944 elapsed=19.080s ms/call: 1.907979 ms/item: 0.012720 mem: 515.270Mb max: 515.270Mb
iter 2180000 y=0.4781127963231944 elapsed=19.077s ms/call: 1.907695 ms/item: 0.012718 mem: 516.816Mb max: 516.816Mb
iter 2190000 y=0.4781127963231944 elapsed=19.077s ms/call: 1.907748 ms/item: 0.012718 mem: 518.363Mb max: 518.363Mb
iter 2200000 y=0.4781127963231944 elapsed=19.085s ms/call: 1.908491 ms/item: 0.012723 mem: 519.910Mb max: 519.910Mb
iter 2210000 y=0.4781127963231944 elapsed=19.073s ms/call: 1.907346 ms/item: 0.012716 mem: 521.457Mb max: 521.457Mb
iter 2220000 y=0.4781127963231944 elapsed=19.127s ms/call: 1.912651 ms/item: 0.012751 mem: 523.004Mb max: 523.004Mb
iter 2230000 y=0.4781127963231944 elapsed=19.097s ms/call: 1.909660 ms/item: 0.012731 mem: 524.551Mb max: 524.551Mb
iter 2240000 y=0.4781127963231944 elapsed=19.088s ms/call: 1.908844 ms/item: 0.012726 mem: 526.098Mb max: 526.098Mb
iter 2250000 y=0.4781127963231944 elapsed=19.080s ms/call: 1.908010 ms/item: 0.012720 mem: 527.645Mb max: 527.645Mb
iter 2260000 y=0.4781127963231944 elapsed=19.100s ms/call: 1.909967 ms/item: 0.012733 mem: 529.191Mb max: 529.191Mb
iter 2270000 y=0.4781127963231944 elapsed=19.090s ms/call: 1.909006 ms/item: 0.012727 mem: 530.738Mb max: 530.738Mb
iter 2280000 y=0.4781127963231944 elapsed=19.095s ms/call: 1.909533 ms/item: 0.012730 mem: 532.285Mb max: 532.285Mb
iter 2290000 y=0.4781127963231944 elapsed=19.085s ms/call: 1.908482 ms/item: 0.012723 mem: 533.832Mb max: 533.832Mb
iter 2300000 y=0.4781127963231944 elapsed=19.076s ms/call: 1.907632 ms/item: 0.012718 mem: 535.121Mb max: 535.121Mb
iter 2310000 y=0.4781127963231944 elapsed=19.078s ms/call: 1.907827 ms/item: 0.012719 mem: 536.668Mb max: 536.668Mb
iter 2320000 y=0.4781127963231944 elapsed=19.083s ms/call: 1.908254 ms/item: 0.012722 mem: 538.215Mb max: 538.215Mb
iter 2330000 y=0.4781127963231944 elapsed=19.080s ms/call: 1.908026 ms/item: 0.012720 mem: 539.762Mb max: 539.762Mb
iter 2340000 y=0.4781127963231944 elapsed=19.080s ms/call: 1.908004 ms/item: 0.012720 mem: 541.309Mb max: 541.309Mb
iter 2350000 y=0.4781127963231944 elapsed=19.074s ms/call: 1.907364 ms/item: 0.012716 mem: 542.855Mb max: 542.855Mb
iter 2360000 y=0.4781127963231944 elapsed=19.077s ms/call: 1.907678 ms/item: 0.012718 mem: 544.402Mb max: 544.402Mb
iter 2370000 y=0.4781127963231944 elapsed=19.082s ms/call: 1.908235 ms/item: 0.012722 mem: 545.949Mb max: 545.949Mb
iter 2380000 y=0.4781127963231944 elapsed=19.079s ms/call: 1.907917 ms/item: 0.012719 mem: 547.496Mb max: 547.496Mb
iter 2390000 y=0.4781127963231944 elapsed=19.028s ms/call: 1.902758 ms/item: 0.012685 mem: 549.043Mb max: 549.043Mb
iter 2400000 y=0.4781127963231944 elapsed=19.021s ms/call: 1.902056 ms/item: 0.012680 mem: 550.590Mb max: 550.590Mb
iter 2410000 y=0.4781127963231944 elapsed=19.020s ms/call: 1.902018 ms/item: 0.012680 mem: 552.137Mb max: 552.137Mb
iter 2420000 y=0.4781127963231944 elapsed=19.004s ms/call: 1.900398 ms/item: 0.012669 mem: 553.426Mb max: 553.426Mb
iter 2430000 y=0.4781127963231944 elapsed=18.995s ms/call: 1.899527 ms/item: 0.012664 mem: 554.973Mb max: 554.973Mb
iter 2440000 y=0.4781127963231944 elapsed=18.998s ms/call: 1.899763 ms/item: 0.012665 mem: 556.520Mb max: 556.520Mb
iter 2450000 y=0.4781127963231944 elapsed=18.999s ms/call: 1.899927 ms/item: 0.012666 mem: 558.066Mb max: 558.066Mb
iter 2460000 y=0.4781127963231944 elapsed=19.007s ms/call: 1.900659 ms/item: 0.012671 mem: 559.613Mb max: 559.613Mb
iter 2470000 y=0.4781127963231944 elapsed=19.023s ms/call: 1.902348 ms/item: 0.012682 mem: 561.160Mb max: 561.160Mb
iter 2480000 y=0.4781127963231944 elapsed=19.008s ms/call: 1.900773 ms/item: 0.012672 mem: 562.707Mb max: 562.707Mb
iter 2490000 y=0.4781127963231944 elapsed=18.999s ms/call: 1.899898 ms/item: 0.012666 mem: 564.254Mb max: 564.254Mb
iter 2500000 y=0.4781127963231944 elapsed=18.998s ms/call: 1.899843 ms/item: 0.012666 mem: 565.801Mb max: 565.801Mb
iter 2510000 y=0.4781127963231944 elapsed=18.999s ms/call: 1.899913 ms/item: 0.012666 mem: 567.348Mb max: 567.348Mb
iter 2520000 y=0.4781127963231944 elapsed=18.999s ms/call: 1.899907 ms/item: 0.012666 mem: 568.895Mb max: 568.895Mb
iter 2530000 y=0.4781127963231944 elapsed=19.002s ms/call: 1.900187 ms/item: 0.012668 mem: 570.441Mb max: 570.441Mb
iter 2540000 y=0.4781127963231944 elapsed=18.995s ms/call: 1.899451 ms/item: 0.012663 mem: 571.730Mb max: 571.730Mb
iter 2550000 y=0.4781127963231944 elapsed=19.002s ms/call: 1.900227 ms/item: 0.012668 mem: 573.277Mb max: 573.277Mb
iter 2560000 y=0.4781127963231944 elapsed=18.991s ms/call: 1.899090 ms/item: 0.012661 mem: 574.824Mb max: 574.824Mb
iter 2570000 y=0.4781127963231944 elapsed=18.986s ms/call: 1.898622 ms/item: 0.012657 mem: 576.371Mb max: 576.371Mb
iter 2580000 y=0.4781127963231944 elapsed=19.022s ms/call: 1.902152 ms/item: 0.012681 mem: 577.918Mb max: 577.918Mb
iter 2590000 y=0.4781127963231944 elapsed=19.020s ms/call: 1.902026 ms/item: 0.012680 mem: 579.465Mb max: 579.465Mb
iter 2600000 y=0.4781127963231944 elapsed=19.021s ms/call: 1.902067 ms/item: 0.012680 mem: 581.012Mb max: 581.012Mb
iter 2610000 y=0.4781127963231944 elapsed=19.008s ms/call: 1.900792 ms/item: 0.012672 mem: 582.559Mb max: 582.559Mb
iter 2620000 y=0.4781127963231944 elapsed=19.001s ms/call: 1.900079 ms/item: 0.012667 mem: 584.105Mb max: 584.105Mb
iter 2630000 y=0.4781127963231944 elapsed=19.001s ms/call: 1.900137 ms/item: 0.012668 mem: 585.652Mb max: 585.652Mb
iter 2640000 y=0.4781127963231944 elapsed=19.008s ms/call: 1.900761 ms/item: 0.012672 mem: 587.199Mb max: 587.199Mb
iter 2650000 y=0.4781127963231944 elapsed=19.007s ms/call: 1.900653 ms/item: 0.012671 mem: 588.746Mb max: 588.746Mb
iter 2660000 y=0.4781127963231944 elapsed=19.004s ms/call: 1.900440 ms/item: 0.012670 mem: 590.035Mb max: 590.035Mb
iter 2670000 y=0.4781127963231944 elapsed=18.999s ms/call: 1.899878 ms/item: 0.012666 mem: 591.582Mb max: 591.582Mb
iter 2680000 y=0.4781127963231944 elapsed=19.009s ms/call: 1.900901 ms/item: 0.012673 mem: 593.129Mb max: 593.129Mb
iter 2690000 y=0.4781127963231944 elapsed=19.014s ms/call: 1.901371 ms/item: 0.012676 mem: 594.676Mb max: 594.676Mb
iter 2700000 y=0.4781127963231944 elapsed=19.036s ms/call: 1.903610 ms/item: 0.012691 mem: 596.223Mb max: 596.223Mb
iter 2710000 y=0.4781127963231944 elapsed=18.997s ms/call: 1.899667 ms/item: 0.012664 mem: 597.770Mb max: 597.770Mb
iter 2720000 y=0.4781127963231944 elapsed=19.008s ms/call: 1.900815 ms/item: 0.012672 mem: 599.316Mb max: 599.316Mb
iter 2730000 y=0.4781127963231944 elapsed=19.009s ms/call: 1.900851 ms/item: 0.012672 mem: 600.863Mb max: 600.863Mb
iter 2740000 y=0.4781127963231944 elapsed=19.000s ms/call: 1.899971 ms/item: 0.012666 mem: 602.410Mb max: 602.410Mb
iter 2750000 y=0.4781127963231944 elapsed=19.003s ms/call: 1.900279 ms/item: 0.012669 mem: 603.957Mb max: 603.957Mb
iter 2760000 y=0.4781127963231944 elapsed=19.008s ms/call: 1.900754 ms/item: 0.012672 mem: 605.504Mb max: 605.504Mb
iter 2770000 y=0.4781127963231944 elapsed=19.008s ms/call: 1.900817 ms/item: 0.012672 mem: 607.051Mb max: 607.051Mb
iter 2780000 y=0.4781127963231944 elapsed=19.004s ms/call: 1.900400 ms/item: 0.012669 mem: 608.598Mb max: 608.598Mb
iter 2790000 y=0.4781127963231944 elapsed=19.002s ms/call: 1.900194 ms/item: 0.012668 mem: 609.887Mb max: 609.887Mb
iter 2800000 y=0.4781127963231944 elapsed=19.000s ms/call: 1.900020 ms/item: 0.012667 mem: 611.434Mb max: 611.434Mb
iter 2810000 y=0.4781127963231944 elapsed=18.994s ms/call: 1.899416 ms/item: 0.012663 mem: 612.980Mb max: 612.980Mb
iter 2820000 y=0.4781127963231944 elapsed=19.001s ms/call: 1.900122 ms/item: 0.012667 mem: 614.527Mb max: 614.527Mb
iter 2830000 y=0.4781127963231944 elapsed=18.999s ms/call: 1.899867 ms/item: 0.012666 mem: 616.074Mb max: 616.074Mb
iter 2840000 y=0.4781127963231944 elapsed=19.007s ms/call: 1.900690 ms/item: 0.012671 mem: 617.621Mb max: 617.621Mb
iter 2850000 y=0.4781127963231944 elapsed=19.040s ms/call: 1.903995 ms/item: 0.012693 mem: 619.168Mb max: 619.168Mb
iter 2860000 y=0.4781127963231944 elapsed=19.007s ms/call: 1.900670 ms/item: 0.012671 mem: 620.715Mb max: 620.715Mb
iter 2870000 y=0.4781127963231944 elapsed=18.990s ms/call: 1.898963 ms/item: 0.012660 mem: 622.262Mb max: 622.262Mb
iter 2880000 y=0.4781127963231944 elapsed=19.002s ms/call: 1.900174 ms/item: 0.012668 mem: 623.809Mb max: 623.809Mb
iter 2890000 y=0.4781127963231944 elapsed=19.010s ms/call: 1.900987 ms/item: 0.012673 mem: 625.355Mb max: 625.355Mb
iter 2900000 y=0.4781127963231944 elapsed=19.006s ms/call: 1.900567 ms/item: 0.012670 mem: 626.902Mb max: 626.902Mb
iter 2910000 y=0.4781127963231944 elapsed=19.001s ms/call: 1.900088 ms/item: 0.012667 mem: 628.191Mb max: 628.191Mb
iter 2920000 y=0.4781127963231944 elapsed=19.002s ms/call: 1.900213 ms/item: 0.012668 mem: 629.738Mb max: 629.738Mb
iter 2930000 y=0.4781127963231944 elapsed=18.989s ms/call: 1.898927 ms/item: 0.012660 mem: 631.285Mb max: 631.285Mb
iter 2940000 y=0.4781127963231944 elapsed=18.994s ms/call: 1.899374 ms/item: 0.012662 mem: 632.832Mb max: 632.832Mb
iter 2950000 y=0.4781127963231944 elapsed=18.994s ms/call: 1.899391 ms/item: 0.012663 mem: 634.379Mb max: 634.379Mb
iter 2960000 y=0.4781127963231944 elapsed=19.001s ms/call: 1.900076 ms/item: 0.012667 mem: 635.926Mb max: 635.926Mb
iter 2970000 y=0.4781127963231944 elapsed=18.999s ms/call: 1.899857 ms/item: 0.012666 mem: 637.473Mb max: 637.473Mb
iter 2980000 y=0.4781127963231944 elapsed=19.027s ms/call: 1.902729 ms/item: 0.012685 mem: 639.020Mb max: 639.020Mb
iter 2990000 y=0.4781127963231944 elapsed=18.992s ms/call: 1.899232 ms/item: 0.012662 mem: 640.566Mb max: 640.566Mb
iter 3000000 y=0.4781127963231944 elapsed=19.009s ms/call: 1.900869 ms/item: 0.012672 mem: 642.113Mb max: 642.113Mb
