python version= 3.9.7 (default, Sep 16 2021, 13:09:58) 
[GCC 7.5.0]
numpy version= 1.21.2
catboost version= 0.26.1-master@/home/dev/github/catboost/catboost/python-package/catboost/version.py

        Using
        ```
        y = model.predict(
            np.ascontiguousarray([x for x in X(batch_size)], dtype=object),
            thread_count=1
        )
        ```
    

Loading model.cbm...
Starting 3000000 iterations of batch_size: 150
iter 10000 y=0.4781127963231944 elapsed=19.018s ms/call: 1.901769 ms/item: 0.012678 mem: 83.457Mb max: 83.457Mb
iter 20000 y=0.4781127963231944 elapsed=19.307s ms/call: 1.930711 ms/item: 0.012871 mem: 83.457Mb max: 83.457Mb
iter 30000 y=0.4781127963231944 elapsed=19.033s ms/call: 1.903272 ms/item: 0.012688 mem: 83.457Mb max: 83.457Mb
iter 40000 y=0.4781127963231944 elapsed=19.058s ms/call: 1.905803 ms/item: 0.012705 mem: 83.457Mb max: 83.457Mb
iter 50000 y=0.4781127963231944 elapsed=19.048s ms/call: 1.904775 ms/item: 0.012699 mem: 83.715Mb max: 83.715Mb
iter 60000 y=0.4781127963231944 elapsed=19.034s ms/call: 1.903380 ms/item: 0.012689 mem: 83.715Mb max: 83.715Mb
iter 70000 y=0.4781127963231944 elapsed=19.048s ms/call: 1.904811 ms/item: 0.012699 mem: 83.715Mb max: 83.715Mb
iter 80000 y=0.4781127963231944 elapsed=19.052s ms/call: 1.905210 ms/item: 0.012701 mem: 83.715Mb max: 83.715Mb
iter 90000 y=0.4781127963231944 elapsed=19.029s ms/call: 1.902914 ms/item: 0.012686 mem: 83.715Mb max: 83.715Mb
iter 100000 y=0.4781127963231944 elapsed=19.049s ms/call: 1.904903 ms/item: 0.012699 mem: 83.715Mb max: 83.715Mb
iter 110000 y=0.4781127963231944 elapsed=19.080s ms/call: 1.907962 ms/item: 0.012720 mem: 83.715Mb max: 83.715Mb
iter 120000 y=0.4781127963231944 elapsed=19.031s ms/call: 1.903098 ms/item: 0.012687 mem: 83.715Mb max: 83.715Mb
iter 130000 y=0.4781127963231944 elapsed=19.057s ms/call: 1.905670 ms/item: 0.012704 mem: 83.715Mb max: 83.715Mb
iter 140000 y=0.4781127963231944 elapsed=19.056s ms/call: 1.905645 ms/item: 0.012704 mem: 83.715Mb max: 83.715Mb
iter 150000 y=0.4781127963231944 elapsed=18.977s ms/call: 1.897703 ms/item: 0.012651 mem: 83.969Mb max: 83.969Mb
iter 160000 y=0.4781127963231944 elapsed=18.935s ms/call: 1.893502 ms/item: 0.012623 mem: 83.969Mb max: 83.969Mb
iter 170000 y=0.4781127963231944 elapsed=18.920s ms/call: 1.892036 ms/item: 0.012614 mem: 83.969Mb max: 83.969Mb
iter 180000 y=0.4781127963231944 elapsed=18.925s ms/call: 1.892453 ms/item: 0.012616 mem: 83.969Mb max: 83.969Mb
iter 190000 y=0.4781127963231944 elapsed=18.864s ms/call: 1.886433 ms/item: 0.012576 mem: 84.480Mb max: 84.480Mb
iter 200000 y=0.4781127963231944 elapsed=18.863s ms/call: 1.886324 ms/item: 0.012575 mem: 84.480Mb max: 84.480Mb
iter 210000 y=0.4781127963231944 elapsed=18.852s ms/call: 1.885153 ms/item: 0.012568 mem: 84.480Mb max: 84.480Mb
iter 220000 y=0.4781127963231944 elapsed=18.858s ms/call: 1.885814 ms/item: 0.012572 mem: 84.480Mb max: 84.480Mb
iter 230000 y=0.4781127963231944 elapsed=18.853s ms/call: 1.885312 ms/item: 0.012569 mem: 84.480Mb max: 84.480Mb
iter 240000 y=0.4781127963231944 elapsed=18.928s ms/call: 1.892771 ms/item: 0.012618 mem: 84.480Mb max: 84.480Mb
iter 250000 y=0.4781127963231944 elapsed=18.908s ms/call: 1.890761 ms/item: 0.012605 mem: 84.480Mb max: 84.480Mb
iter 260000 y=0.4781127963231944 elapsed=18.914s ms/call: 1.891405 ms/item: 0.012609 mem: 84.480Mb max: 84.480Mb
iter 270000 y=0.4781127963231944 elapsed=18.921s ms/call: 1.892069 ms/item: 0.012614 mem: 84.480Mb max: 84.480Mb
iter 280000 y=0.4781127963231944 elapsed=18.930s ms/call: 1.893007 ms/item: 0.012620 mem: 84.480Mb max: 84.480Mb
iter 290000 y=0.4781127963231944 elapsed=18.912s ms/call: 1.891204 ms/item: 0.012608 mem: 84.480Mb max: 84.480Mb
iter 300000 y=0.4781127963231944 elapsed=18.928s ms/call: 1.892809 ms/item: 0.012619 mem: 84.480Mb max: 84.480Mb
iter 310000 y=0.4781127963231944 elapsed=18.959s ms/call: 1.895937 ms/item: 0.012640 mem: 84.480Mb max: 84.480Mb
iter 320000 y=0.4781127963231944 elapsed=18.924s ms/call: 1.892422 ms/item: 0.012616 mem: 84.480Mb max: 84.480Mb
iter 330000 y=0.4781127963231944 elapsed=18.919s ms/call: 1.891911 ms/item: 0.012613 mem: 84.480Mb max: 84.480Mb
iter 340000 y=0.4781127963231944 elapsed=18.926s ms/call: 1.892597 ms/item: 0.012617 mem: 84.480Mb max: 84.480Mb
iter 350000 y=0.4781127963231944 elapsed=18.905s ms/call: 1.890481 ms/item: 0.012603 mem: 84.480Mb max: 84.480Mb
iter 360000 y=0.4781127963231944 elapsed=18.922s ms/call: 1.892233 ms/item: 0.012615 mem: 84.480Mb max: 84.480Mb
iter 370000 y=0.4781127963231944 elapsed=18.921s ms/call: 1.892147 ms/item: 0.012614 mem: 84.480Mb max: 84.480Mb
iter 380000 y=0.4781127963231944 elapsed=18.917s ms/call: 1.891746 ms/item: 0.012612 mem: 84.480Mb max: 84.480Mb
iter 390000 y=0.4781127963231944 elapsed=18.912s ms/call: 1.891170 ms/item: 0.012608 mem: 84.480Mb max: 84.480Mb
iter 400000 y=0.4781127963231944 elapsed=18.916s ms/call: 1.891634 ms/item: 0.012611 mem: 84.480Mb max: 84.480Mb
iter 410000 y=0.4781127963231944 elapsed=18.911s ms/call: 1.891084 ms/item: 0.012607 mem: 84.480Mb max: 84.480Mb
iter 420000 y=0.4781127963231944 elapsed=18.908s ms/call: 1.890806 ms/item: 0.012605 mem: 84.480Mb max: 84.480Mb
iter 430000 y=0.4781127963231944 elapsed=18.923s ms/call: 1.892302 ms/item: 0.012615 mem: 84.480Mb max: 84.480Mb
iter 440000 y=0.4781127963231944 elapsed=18.929s ms/call: 1.892881 ms/item: 0.012619 mem: 84.480Mb max: 84.480Mb
iter 450000 y=0.4781127963231944 elapsed=18.854s ms/call: 1.885440 ms/item: 0.012570 mem: 84.480Mb max: 84.480Mb
iter 460000 y=0.4781127963231944 elapsed=18.901s ms/call: 1.890050 ms/item: 0.012600 mem: 84.480Mb max: 84.480Mb
iter 470000 y=0.4781127963231944 elapsed=18.899s ms/call: 1.889904 ms/item: 0.012599 mem: 84.738Mb max: 84.738Mb
iter 480000 y=0.4781127963231944 elapsed=18.889s ms/call: 1.888947 ms/item: 0.012593 mem: 84.738Mb max: 84.738Mb
iter 490000 y=0.4781127963231944 elapsed=18.885s ms/call: 1.888481 ms/item: 0.012590 mem: 84.738Mb max: 84.738Mb
iter 500000 y=0.4781127963231944 elapsed=18.893s ms/call: 1.889263 ms/item: 0.012595 mem: 84.738Mb max: 84.738Mb
iter 510000 y=0.4781127963231944 elapsed=18.883s ms/call: 1.888340 ms/item: 0.012589 mem: 84.738Mb max: 84.738Mb
iter 520000 y=0.4781127963231944 elapsed=18.879s ms/call: 1.887932 ms/item: 0.012586 mem: 84.738Mb max: 84.738Mb
iter 530000 y=0.4781127963231944 elapsed=18.879s ms/call: 1.887907 ms/item: 0.012586 mem: 84.738Mb max: 84.738Mb
iter 540000 y=0.4781127963231944 elapsed=18.890s ms/call: 1.888953 ms/item: 0.012593 mem: 84.738Mb max: 84.738Mb
iter 550000 y=0.4781127963231944 elapsed=18.879s ms/call: 1.887917 ms/item: 0.012586 mem: 84.738Mb max: 84.738Mb
iter 560000 y=0.4781127963231944 elapsed=18.887s ms/call: 1.888663 ms/item: 0.012591 mem: 84.738Mb max: 84.738Mb
iter 570000 y=0.4781127963231944 elapsed=18.888s ms/call: 1.888791 ms/item: 0.012592 mem: 84.738Mb max: 84.738Mb
iter 580000 y=0.4781127963231944 elapsed=18.968s ms/call: 1.896785 ms/item: 0.012645 mem: 84.738Mb max: 84.738Mb
iter 590000 y=0.4781127963231944 elapsed=18.981s ms/call: 1.898124 ms/item: 0.012654 mem: 84.738Mb max: 84.738Mb
iter 600000 y=0.4781127963231944 elapsed=18.982s ms/call: 1.898231 ms/item: 0.012655 mem: 84.738Mb max: 84.738Mb
iter 610000 y=0.4781127963231944 elapsed=18.910s ms/call: 1.891034 ms/item: 0.012607 mem: 84.738Mb max: 84.738Mb
iter 620000 y=0.4781127963231944 elapsed=18.955s ms/call: 1.895534 ms/item: 0.012637 mem: 84.992Mb max: 84.992Mb
iter 630000 y=0.4781127963231944 elapsed=19.034s ms/call: 1.903421 ms/item: 0.012689 mem: 84.992Mb max: 84.992Mb
iter 640000 y=0.4781127963231944 elapsed=19.032s ms/call: 1.903231 ms/item: 0.012688 mem: 84.992Mb max: 84.992Mb
iter 650000 y=0.4781127963231944 elapsed=19.029s ms/call: 1.902942 ms/item: 0.012686 mem: 84.992Mb max: 84.992Mb
iter 660000 y=0.4781127963231944 elapsed=19.030s ms/call: 1.903035 ms/item: 0.012687 mem: 84.992Mb max: 84.992Mb
iter 670000 y=0.4781127963231944 elapsed=19.020s ms/call: 1.902025 ms/item: 0.012680 mem: 84.992Mb max: 84.992Mb
iter 680000 y=0.4781127963231944 elapsed=19.019s ms/call: 1.901857 ms/item: 0.012679 mem: 84.992Mb max: 84.992Mb
iter 690000 y=0.4781127963231944 elapsed=19.024s ms/call: 1.902368 ms/item: 0.012682 mem: 84.992Mb max: 84.992Mb
iter 700000 y=0.4781127963231944 elapsed=19.018s ms/call: 1.901837 ms/item: 0.012679 mem: 84.992Mb max: 84.992Mb
iter 710000 y=0.4781127963231944 elapsed=19.020s ms/call: 1.901950 ms/item: 0.012680 mem: 84.992Mb max: 84.992Mb
iter 720000 y=0.4781127963231944 elapsed=19.005s ms/call: 1.900501 ms/item: 0.012670 mem: 84.992Mb max: 84.992Mb
iter 730000 y=0.4781127963231944 elapsed=18.933s ms/call: 1.893284 ms/item: 0.012622 mem: 84.992Mb max: 84.992Mb
iter 740000 y=0.4781127963231944 elapsed=18.931s ms/call: 1.893074 ms/item: 0.012620 mem: 84.992Mb max: 84.992Mb
iter 750000 y=0.4781127963231944 elapsed=18.957s ms/call: 1.895665 ms/item: 0.012638 mem: 84.992Mb max: 84.992Mb
iter 760000 y=0.4781127963231944 elapsed=18.943s ms/call: 1.894334 ms/item: 0.012629 mem: 84.992Mb max: 84.992Mb
iter 770000 y=0.4781127963231944 elapsed=19.034s ms/call: 1.903377 ms/item: 0.012689 mem: 84.992Mb max: 84.992Mb
iter 780000 y=0.4781127963231944 elapsed=19.085s ms/call: 1.908529 ms/item: 0.012724 mem: 86.016Mb max: 86.016Mb
iter 790000 y=0.4781127963231944 elapsed=19.113s ms/call: 1.911283 ms/item: 0.012742 mem: 86.016Mb max: 86.016Mb
iter 800000 y=0.4781127963231944 elapsed=19.245s ms/call: 1.924532 ms/item: 0.012830 mem: 86.016Mb max: 86.016Mb
iter 810000 y=0.4781127963231944 elapsed=19.053s ms/call: 1.905300 ms/item: 0.012702 mem: 86.016Mb max: 86.016Mb
iter 820000 y=0.4781127963231944 elapsed=19.078s ms/call: 1.907844 ms/item: 0.012719 mem: 86.016Mb max: 86.016Mb
iter 830000 y=0.4781127963231944 elapsed=19.066s ms/call: 1.906562 ms/item: 0.012710 mem: 86.016Mb max: 86.016Mb
iter 840000 y=0.4781127963231944 elapsed=19.066s ms/call: 1.906643 ms/item: 0.012711 mem: 86.016Mb max: 86.016Mb
iter 850000 y=0.4781127963231944 elapsed=19.147s ms/call: 1.914741 ms/item: 0.012765 mem: 86.527Mb max: 86.527Mb
iter 860000 y=0.4781127963231944 elapsed=18.974s ms/call: 1.897449 ms/item: 0.012650 mem: 86.527Mb max: 86.527Mb
iter 870000 y=0.4781127963231944 elapsed=19.016s ms/call: 1.901638 ms/item: 0.012678 mem: 86.781Mb max: 86.781Mb
iter 880000 y=0.4781127963231944 elapsed=18.961s ms/call: 1.896076 ms/item: 0.012641 mem: 86.781Mb max: 86.781Mb
iter 890000 y=0.4781127963231944 elapsed=19.007s ms/call: 1.900723 ms/item: 0.012671 mem: 86.781Mb max: 86.781Mb
iter 900000 y=0.4781127963231944 elapsed=19.118s ms/call: 1.911823 ms/item: 0.012745 mem: 86.781Mb max: 86.781Mb
iter 910000 y=0.4781127963231944 elapsed=19.456s ms/call: 1.945601 ms/item: 0.012971 mem: 87.805Mb max: 87.805Mb
iter 920000 y=0.4781127963231944 elapsed=19.517s ms/call: 1.951747 ms/item: 0.013012 mem: 88.062Mb max: 88.062Mb
iter 930000 y=0.4781127963231944 elapsed=19.445s ms/call: 1.944485 ms/item: 0.012963 mem: 88.062Mb max: 88.062Mb
iter 940000 y=0.4781127963231944 elapsed=19.085s ms/call: 1.908534 ms/item: 0.012724 mem: 88.062Mb max: 88.062Mb
iter 950000 y=0.4781127963231944 elapsed=19.198s ms/call: 1.919843 ms/item: 0.012799 mem: 88.062Mb max: 88.062Mb
iter 960000 y=0.4781127963231944 elapsed=19.137s ms/call: 1.913707 ms/item: 0.012758 mem: 88.062Mb max: 88.062Mb
iter 970000 y=0.4781127963231944 elapsed=19.220s ms/call: 1.922004 ms/item: 0.012813 mem: 88.320Mb max: 88.320Mb
iter 980000 y=0.4781127963231944 elapsed=19.127s ms/call: 1.912730 ms/item: 0.012752 mem: 88.320Mb max: 88.320Mb
iter 990000 y=0.4781127963231944 elapsed=19.292s ms/call: 1.929230 ms/item: 0.012862 mem: 88.320Mb max: 88.320Mb
iter 1000000 y=0.4781127963231944 elapsed=19.130s ms/call: 1.912986 ms/item: 0.012753 mem: 88.320Mb max: 88.320Mb
iter 1010000 y=0.4781127963231944 elapsed=18.999s ms/call: 1.899894 ms/item: 0.012666 mem: 88.320Mb max: 88.320Mb
iter 1020000 y=0.4781127963231944 elapsed=19.015s ms/call: 1.901495 ms/item: 0.012677 mem: 88.320Mb max: 88.320Mb
iter 1030000 y=0.4781127963231944 elapsed=19.005s ms/call: 1.900528 ms/item: 0.012670 mem: 88.320Mb max: 88.320Mb
iter 1040000 y=0.4781127963231944 elapsed=18.998s ms/call: 1.899813 ms/item: 0.012665 mem: 88.320Mb max: 88.320Mb
iter 1050000 y=0.4781127963231944 elapsed=19.012s ms/call: 1.901220 ms/item: 0.012675 mem: 88.320Mb max: 88.320Mb
iter 1060000 y=0.4781127963231944 elapsed=18.983s ms/call: 1.898328 ms/item: 0.012656 mem: 88.320Mb max: 88.320Mb
iter 1070000 y=0.4781127963231944 elapsed=18.981s ms/call: 1.898106 ms/item: 0.012654 mem: 88.320Mb max: 88.320Mb
iter 1080000 y=0.4781127963231944 elapsed=18.991s ms/call: 1.899127 ms/item: 0.012661 mem: 88.578Mb max: 88.578Mb
iter 1090000 y=0.4781127963231944 elapsed=19.014s ms/call: 1.901412 ms/item: 0.012676 mem: 88.578Mb max: 88.578Mb
iter 1100000 y=0.4781127963231944 elapsed=19.000s ms/call: 1.899954 ms/item: 0.012666 mem: 88.578Mb max: 88.578Mb
iter 1110000 y=0.4781127963231944 elapsed=19.014s ms/call: 1.901389 ms/item: 0.012676 mem: 88.578Mb max: 88.578Mb
iter 1120000 y=0.4781127963231944 elapsed=18.976s ms/call: 1.897596 ms/item: 0.012651 mem: 88.578Mb max: 88.578Mb
iter 1130000 y=0.4781127963231944 elapsed=18.953s ms/call: 1.895320 ms/item: 0.012635 mem: 88.578Mb max: 88.578Mb
iter 1140000 y=0.4781127963231944 elapsed=18.957s ms/call: 1.895718 ms/item: 0.012638 mem: 88.578Mb max: 88.578Mb
iter 1150000 y=0.4781127963231944 elapsed=18.967s ms/call: 1.896667 ms/item: 0.012644 mem: 88.836Mb max: 88.836Mb
iter 1160000 y=0.4781127963231944 elapsed=19.004s ms/call: 1.900428 ms/item: 0.012670 mem: 88.836Mb max: 88.836Mb
iter 1170000 y=0.4781127963231944 elapsed=19.000s ms/call: 1.900003 ms/item: 0.012667 mem: 88.836Mb max: 88.836Mb
iter 1180000 y=0.4781127963231944 elapsed=19.008s ms/call: 1.900797 ms/item: 0.012672 mem: 88.836Mb max: 88.836Mb
iter 1190000 y=0.4781127963231944 elapsed=18.982s ms/call: 1.898225 ms/item: 0.012655 mem: 88.836Mb max: 88.836Mb
iter 1200000 y=0.4781127963231944 elapsed=19.017s ms/call: 1.901674 ms/item: 0.012678 mem: 88.836Mb max: 88.836Mb
iter 1210000 y=0.4781127963231944 elapsed=19.036s ms/call: 1.903622 ms/item: 0.012691 mem: 88.836Mb max: 88.836Mb
iter 1220000 y=0.4781127963231944 elapsed=19.062s ms/call: 1.906238 ms/item: 0.012708 mem: 88.836Mb max: 88.836Mb
iter 1230000 y=0.4781127963231944 elapsed=19.035s ms/call: 1.903527 ms/item: 0.012690 mem: 88.836Mb max: 88.836Mb
iter 1240000 y=0.4781127963231944 elapsed=19.035s ms/call: 1.903493 ms/item: 0.012690 mem: 88.836Mb max: 88.836Mb
iter 1250000 y=0.4781127963231944 elapsed=18.986s ms/call: 1.898640 ms/item: 0.012658 mem: 88.836Mb max: 88.836Mb
iter 1260000 y=0.4781127963231944 elapsed=18.987s ms/call: 1.898659 ms/item: 0.012658 mem: 88.836Mb max: 88.836Mb
iter 1270000 y=0.4781127963231944 elapsed=18.986s ms/call: 1.898573 ms/item: 0.012657 mem: 88.836Mb max: 88.836Mb
iter 1280000 y=0.4781127963231944 elapsed=19.010s ms/call: 1.900995 ms/item: 0.012673 mem: 88.836Mb max: 88.836Mb
iter 1290000 y=0.4781127963231944 elapsed=19.015s ms/call: 1.901466 ms/item: 0.012676 mem: 88.836Mb max: 88.836Mb
iter 1300000 y=0.4781127963231944 elapsed=19.011s ms/call: 1.901122 ms/item: 0.012674 mem: 88.836Mb max: 88.836Mb
iter 1310000 y=0.4781127963231944 elapsed=19.008s ms/call: 1.900820 ms/item: 0.012672 mem: 88.836Mb max: 88.836Mb
iter 1320000 y=0.4781127963231944 elapsed=19.013s ms/call: 1.901258 ms/item: 0.012675 mem: 88.836Mb max: 88.836Mb
iter 1330000 y=0.4781127963231944 elapsed=18.987s ms/call: 1.898708 ms/item: 0.012658 mem: 88.836Mb max: 88.836Mb
iter 1340000 y=0.4781127963231944 elapsed=18.994s ms/call: 1.899357 ms/item: 0.012662 mem: 88.836Mb max: 88.836Mb
iter 1350000 y=0.4781127963231944 elapsed=19.000s ms/call: 1.899968 ms/item: 0.012666 mem: 88.836Mb max: 88.836Mb
iter 1360000 y=0.4781127963231944 elapsed=18.999s ms/call: 1.899919 ms/item: 0.012666 mem: 88.836Mb max: 88.836Mb
iter 1370000 y=0.4781127963231944 elapsed=18.997s ms/call: 1.899671 ms/item: 0.012664 mem: 88.836Mb max: 88.836Mb
iter 1380000 y=0.4781127963231944 elapsed=19.002s ms/call: 1.900203 ms/item: 0.012668 mem: 88.836Mb max: 88.836Mb
iter 1390000 y=0.4781127963231944 elapsed=19.003s ms/call: 1.900299 ms/item: 0.012669 mem: 88.836Mb max: 88.836Mb
iter 1400000 y=0.4781127963231944 elapsed=19.005s ms/call: 1.900527 ms/item: 0.012670 mem: 88.836Mb max: 88.836Mb
iter 1410000 y=0.4781127963231944 elapsed=19.083s ms/call: 1.908329 ms/item: 0.012722 mem: 88.836Mb max: 88.836Mb
iter 1420000 y=0.4781127963231944 elapsed=19.017s ms/call: 1.901693 ms/item: 0.012678 mem: 88.836Mb max: 88.836Mb
iter 1430000 y=0.4781127963231944 elapsed=19.022s ms/call: 1.902157 ms/item: 0.012681 mem: 88.836Mb max: 88.836Mb
iter 1440000 y=0.4781127963231944 elapsed=19.009s ms/call: 1.900880 ms/item: 0.012673 mem: 88.836Mb max: 88.836Mb
iter 1450000 y=0.4781127963231944 elapsed=19.028s ms/call: 1.902770 ms/item: 0.012685 mem: 88.836Mb max: 88.836Mb
iter 1460000 y=0.4781127963231944 elapsed=19.014s ms/call: 1.901388 ms/item: 0.012676 mem: 88.836Mb max: 88.836Mb
iter 1470000 y=0.4781127963231944 elapsed=18.950s ms/call: 1.895011 ms/item: 0.012633 mem: 88.836Mb max: 88.836Mb
iter 1480000 y=0.4781127963231944 elapsed=19.007s ms/call: 1.900689 ms/item: 0.012671 mem: 88.836Mb max: 88.836Mb
iter 1490000 y=0.4781127963231944 elapsed=18.978s ms/call: 1.897838 ms/item: 0.012652 mem: 88.836Mb max: 88.836Mb
iter 1500000 y=0.4781127963231944 elapsed=18.979s ms/call: 1.897891 ms/item: 0.012653 mem: 88.836Mb max: 88.836Mb
iter 1510000 y=0.4781127963231944 elapsed=19.020s ms/call: 1.902020 ms/item: 0.012680 mem: 88.836Mb max: 88.836Mb
iter 1520000 y=0.4781127963231944 elapsed=19.013s ms/call: 1.901278 ms/item: 0.012675 mem: 88.836Mb max: 88.836Mb
iter 1530000 y=0.4781127963231944 elapsed=19.043s ms/call: 1.904343 ms/item: 0.012696 mem: 88.836Mb max: 88.836Mb
iter 1540000 y=0.4781127963231944 elapsed=19.051s ms/call: 1.905145 ms/item: 0.012701 mem: 88.836Mb max: 88.836Mb
iter 1550000 y=0.4781127963231944 elapsed=18.991s ms/call: 1.899058 ms/item: 0.012660 mem: 88.836Mb max: 88.836Mb
iter 1560000 y=0.4781127963231944 elapsed=18.972s ms/call: 1.897234 ms/item: 0.012648 mem: 88.836Mb max: 88.836Mb
iter 1570000 y=0.4781127963231944 elapsed=19.011s ms/call: 1.901065 ms/item: 0.012674 mem: 88.836Mb max: 88.836Mb
iter 1580000 y=0.4781127963231944 elapsed=19.056s ms/call: 1.905615 ms/item: 0.012704 mem: 88.836Mb max: 88.836Mb
iter 1590000 y=0.4781127963231944 elapsed=19.054s ms/call: 1.905398 ms/item: 0.012703 mem: 88.836Mb max: 88.836Mb
iter 1600000 y=0.4781127963231944 elapsed=19.049s ms/call: 1.904853 ms/item: 0.012699 mem: 88.836Mb max: 88.836Mb
iter 1610000 y=0.4781127963231944 elapsed=19.019s ms/call: 1.901871 ms/item: 0.012679 mem: 88.836Mb max: 88.836Mb
iter 1620000 y=0.4781127963231944 elapsed=18.999s ms/call: 1.899942 ms/item: 0.012666 mem: 88.836Mb max: 88.836Mb
iter 1630000 y=0.4781127963231944 elapsed=18.995s ms/call: 1.899493 ms/item: 0.012663 mem: 88.836Mb max: 88.836Mb
iter 1640000 y=0.4781127963231944 elapsed=19.000s ms/call: 1.900024 ms/item: 0.012667 mem: 88.836Mb max: 88.836Mb
iter 1650000 y=0.4781127963231944 elapsed=18.998s ms/call: 1.899836 ms/item: 0.012666 mem: 88.836Mb max: 88.836Mb
iter 1660000 y=0.4781127963231944 elapsed=19.009s ms/call: 1.900932 ms/item: 0.012673 mem: 88.836Mb max: 88.836Mb
iter 1670000 y=0.4781127963231944 elapsed=19.012s ms/call: 1.901171 ms/item: 0.012674 mem: 88.836Mb max: 88.836Mb
iter 1680000 y=0.4781127963231944 elapsed=19.000s ms/call: 1.899988 ms/item: 0.012667 mem: 88.836Mb max: 88.836Mb
iter 1690000 y=0.4781127963231944 elapsed=19.002s ms/call: 1.900208 ms/item: 0.012668 mem: 88.836Mb max: 88.836Mb
iter 1700000 y=0.4781127963231944 elapsed=19.002s ms/call: 1.900202 ms/item: 0.012668 mem: 88.836Mb max: 88.836Mb
iter 1710000 y=0.4781127963231944 elapsed=19.004s ms/call: 1.900381 ms/item: 0.012669 mem: 88.836Mb max: 88.836Mb
iter 1720000 y=0.4781127963231944 elapsed=19.019s ms/call: 1.901868 ms/item: 0.012679 mem: 88.836Mb max: 88.836Mb
iter 1730000 y=0.4781127963231944 elapsed=19.004s ms/call: 1.900425 ms/item: 0.012670 mem: 88.836Mb max: 88.836Mb
iter 1740000 y=0.4781127963231944 elapsed=19.032s ms/call: 1.903193 ms/item: 0.012688 mem: 88.836Mb max: 88.836Mb
iter 1750000 y=0.4781127963231944 elapsed=19.033s ms/call: 1.903278 ms/item: 0.012689 mem: 88.836Mb max: 88.836Mb
iter 1760000 y=0.4781127963231944 elapsed=19.038s ms/call: 1.903790 ms/item: 0.012692 mem: 88.836Mb max: 88.836Mb
iter 1770000 y=0.4781127963231944 elapsed=19.036s ms/call: 1.903642 ms/item: 0.012691 mem: 88.836Mb max: 88.836Mb
iter 1780000 y=0.4781127963231944 elapsed=19.043s ms/call: 1.904258 ms/item: 0.012695 mem: 88.836Mb max: 88.836Mb
iter 1790000 y=0.4781127963231944 elapsed=19.053s ms/call: 1.905274 ms/item: 0.012702 mem: 88.836Mb max: 88.836Mb
iter 1800000 y=0.4781127963231944 elapsed=19.015s ms/call: 1.901535 ms/item: 0.012677 mem: 88.836Mb max: 88.836Mb
iter 1810000 y=0.4781127963231944 elapsed=19.065s ms/call: 1.906471 ms/item: 0.012710 mem: 88.836Mb max: 88.836Mb
iter 1820000 y=0.4781127963231944 elapsed=19.304s ms/call: 1.930378 ms/item: 0.012869 mem: 88.836Mb max: 88.836Mb
iter 1830000 y=0.4781127963231944 elapsed=19.209s ms/call: 1.920923 ms/item: 0.012806 mem: 88.836Mb max: 88.836Mb
iter 1840000 y=0.4781127963231944 elapsed=19.143s ms/call: 1.914306 ms/item: 0.012762 mem: 88.836Mb max: 88.836Mb
iter 1850000 y=0.4781127963231944 elapsed=19.130s ms/call: 1.912987 ms/item: 0.012753 mem: 88.836Mb max: 88.836Mb
iter 1860000 y=0.4781127963231944 elapsed=19.086s ms/call: 1.908605 ms/item: 0.012724 mem: 88.836Mb max: 88.836Mb
iter 1870000 y=0.4781127963231944 elapsed=19.080s ms/call: 1.908019 ms/item: 0.012720 mem: 88.836Mb max: 88.836Mb
iter 1880000 y=0.4781127963231944 elapsed=19.133s ms/call: 1.913260 ms/item: 0.012755 mem: 88.836Mb max: 88.836Mb
iter 1890000 y=0.4781127963231944 elapsed=19.276s ms/call: 1.927596 ms/item: 0.012851 mem: 88.836Mb max: 88.836Mb
iter 1900000 y=0.4781127963231944 elapsed=19.033s ms/call: 1.903325 ms/item: 0.012689 mem: 88.836Mb max: 88.836Mb
iter 1910000 y=0.4781127963231944 elapsed=18.989s ms/call: 1.898904 ms/item: 0.012659 mem: 88.836Mb max: 88.836Mb
iter 1920000 y=0.4781127963231944 elapsed=18.995s ms/call: 1.899456 ms/item: 0.012663 mem: 88.836Mb max: 88.836Mb
iter 1930000 y=0.4781127963231944 elapsed=19.089s ms/call: 1.908905 ms/item: 0.012726 mem: 88.836Mb max: 88.836Mb
iter 1940000 y=0.4781127963231944 elapsed=19.079s ms/call: 1.907870 ms/item: 0.012719 mem: 88.836Mb max: 88.836Mb
iter 1950000 y=0.4781127963231944 elapsed=19.039s ms/call: 1.903918 ms/item: 0.012693 mem: 88.836Mb max: 88.836Mb
iter 1960000 y=0.4781127963231944 elapsed=19.116s ms/call: 1.911617 ms/item: 0.012744 mem: 88.836Mb max: 88.836Mb
iter 1970000 y=0.4781127963231944 elapsed=19.093s ms/call: 1.909271 ms/item: 0.012728 mem: 88.836Mb max: 88.836Mb
iter 1980000 y=0.4781127963231944 elapsed=19.085s ms/call: 1.908545 ms/item: 0.012724 mem: 88.836Mb max: 88.836Mb
iter 1990000 y=0.4781127963231944 elapsed=19.085s ms/call: 1.908452 ms/item: 0.012723 mem: 88.836Mb max: 88.836Mb
iter 2000000 y=0.4781127963231944 elapsed=19.076s ms/call: 1.907602 ms/item: 0.012717 mem: 88.836Mb max: 88.836Mb
iter 2010000 y=0.4781127963231944 elapsed=19.083s ms/call: 1.908282 ms/item: 0.012722 mem: 88.836Mb max: 88.836Mb
iter 2020000 y=0.4781127963231944 elapsed=19.083s ms/call: 1.908301 ms/item: 0.012722 mem: 88.836Mb max: 88.836Mb
iter 2030000 y=0.4781127963231944 elapsed=19.083s ms/call: 1.908305 ms/item: 0.012722 mem: 88.836Mb max: 88.836Mb
iter 2040000 y=0.4781127963231944 elapsed=19.095s ms/call: 1.909538 ms/item: 0.012730 mem: 88.836Mb max: 88.836Mb
iter 2050000 y=0.4781127963231944 elapsed=19.085s ms/call: 1.908543 ms/item: 0.012724 mem: 88.836Mb max: 88.836Mb
iter 2060000 y=0.4781127963231944 elapsed=19.101s ms/call: 1.910140 ms/item: 0.012734 mem: 88.836Mb max: 88.836Mb
iter 2070000 y=0.4781127963231944 elapsed=19.100s ms/call: 1.910002 ms/item: 0.012733 mem: 88.836Mb max: 88.836Mb
iter 2080000 y=0.4781127963231944 elapsed=19.087s ms/call: 1.908740 ms/item: 0.012725 mem: 89.094Mb max: 89.094Mb
iter 2090000 y=0.4781127963231944 elapsed=19.072s ms/call: 1.907200 ms/item: 0.012715 mem: 89.094Mb max: 89.094Mb
iter 2100000 y=0.4781127963231944 elapsed=19.091s ms/call: 1.909056 ms/item: 0.012727 mem: 89.094Mb max: 89.094Mb
iter 2110000 y=0.4781127963231944 elapsed=19.086s ms/call: 1.908587 ms/item: 0.012724 mem: 89.094Mb max: 89.094Mb
iter 2120000 y=0.4781127963231944 elapsed=19.097s ms/call: 1.909656 ms/item: 0.012731 mem: 89.094Mb max: 89.094Mb
iter 2130000 y=0.4781127963231944 elapsed=19.108s ms/call: 1.910827 ms/item: 0.012739 mem: 89.094Mb max: 89.094Mb
iter 2140000 y=0.4781127963231944 elapsed=19.120s ms/call: 1.912026 ms/item: 0.012747 mem: 89.094Mb max: 89.094Mb
iter 2150000 y=0.4781127963231944 elapsed=19.092s ms/call: 1.909205 ms/item: 0.012728 mem: 89.094Mb max: 89.094Mb
iter 2160000 y=0.4781127963231944 elapsed=19.095s ms/call: 1.909466 ms/item: 0.012730 mem: 89.094Mb max: 89.094Mb
iter 2170000 y=0.4781127963231944 elapsed=19.123s ms/call: 1.912325 ms/item: 0.012749 mem: 89.094Mb max: 89.094Mb
iter 2180000 y=0.4781127963231944 elapsed=19.120s ms/call: 1.911995 ms/item: 0.012747 mem: 89.094Mb max: 89.094Mb
iter 2190000 y=0.4781127963231944 elapsed=19.117s ms/call: 1.911734 ms/item: 0.012745 mem: 89.094Mb max: 89.094Mb
iter 2200000 y=0.4781127963231944 elapsed=19.106s ms/call: 1.910586 ms/item: 0.012737 mem: 89.094Mb max: 89.094Mb
iter 2210000 y=0.4781127963231944 elapsed=19.061s ms/call: 1.906088 ms/item: 0.012707 mem: 89.094Mb max: 89.094Mb
iter 2220000 y=0.4781127963231944 elapsed=19.072s ms/call: 1.907222 ms/item: 0.012715 mem: 89.094Mb max: 89.094Mb
iter 2230000 y=0.4781127963231944 elapsed=19.025s ms/call: 1.902507 ms/item: 0.012683 mem: 89.094Mb max: 89.094Mb
iter 2240000 y=0.4781127963231944 elapsed=19.034s ms/call: 1.903439 ms/item: 0.012690 mem: 89.094Mb max: 89.094Mb
iter 2250000 y=0.4781127963231944 elapsed=19.028s ms/call: 1.902765 ms/item: 0.012685 mem: 89.094Mb max: 89.094Mb
iter 2260000 y=0.4781127963231944 elapsed=19.018s ms/call: 1.901822 ms/item: 0.012679 mem: 89.094Mb max: 89.094Mb
iter 2270000 y=0.4781127963231944 elapsed=19.035s ms/call: 1.903493 ms/item: 0.012690 mem: 89.094Mb max: 89.094Mb
iter 2280000 y=0.4781127963231944 elapsed=19.039s ms/call: 1.903931 ms/item: 0.012693 mem: 89.094Mb max: 89.094Mb
iter 2290000 y=0.4781127963231944 elapsed=19.025s ms/call: 1.902483 ms/item: 0.012683 mem: 89.094Mb max: 89.094Mb
iter 2300000 y=0.4781127963231944 elapsed=19.022s ms/call: 1.902158 ms/item: 0.012681 mem: 89.094Mb max: 89.094Mb
iter 2310000 y=0.4781127963231944 elapsed=19.021s ms/call: 1.902125 ms/item: 0.012681 mem: 89.094Mb max: 89.094Mb
iter 2320000 y=0.4781127963231944 elapsed=19.025s ms/call: 1.902534 ms/item: 0.012684 mem: 89.094Mb max: 89.094Mb
iter 2330000 y=0.4781127963231944 elapsed=19.021s ms/call: 1.902146 ms/item: 0.012681 mem: 89.094Mb max: 89.094Mb
iter 2340000 y=0.4781127963231944 elapsed=19.025s ms/call: 1.902492 ms/item: 0.012683 mem: 89.094Mb max: 89.094Mb
iter 2350000 y=0.4781127963231944 elapsed=19.028s ms/call: 1.902758 ms/item: 0.012685 mem: 89.094Mb max: 89.094Mb
iter 2360000 y=0.4781127963231944 elapsed=19.029s ms/call: 1.902913 ms/item: 0.012686 mem: 89.094Mb max: 89.094Mb
iter 2370000 y=0.4781127963231944 elapsed=19.037s ms/call: 1.903658 ms/item: 0.012691 mem: 89.094Mb max: 89.094Mb
iter 2380000 y=0.4781127963231944 elapsed=19.006s ms/call: 1.900630 ms/item: 0.012671 mem: 89.094Mb max: 89.094Mb
iter 2390000 y=0.4781127963231944 elapsed=19.001s ms/call: 1.900063 ms/item: 0.012667 mem: 89.094Mb max: 89.094Mb
iter 2400000 y=0.4781127963231944 elapsed=19.017s ms/call: 1.901692 ms/item: 0.012678 mem: 89.094Mb max: 89.094Mb
iter 2410000 y=0.4781127963231944 elapsed=19.012s ms/call: 1.901203 ms/item: 0.012675 mem: 89.094Mb max: 89.094Mb
iter 2420000 y=0.4781127963231944 elapsed=19.009s ms/call: 1.900887 ms/item: 0.012673 mem: 89.094Mb max: 89.094Mb
iter 2430000 y=0.4781127963231944 elapsed=19.044s ms/call: 1.904390 ms/item: 0.012696 mem: 89.094Mb max: 89.094Mb
iter 2440000 y=0.4781127963231944 elapsed=19.040s ms/call: 1.903987 ms/item: 0.012693 mem: 89.094Mb max: 89.094Mb
iter 2450000 y=0.4781127963231944 elapsed=19.038s ms/call: 1.903784 ms/item: 0.012692 mem: 89.094Mb max: 89.094Mb
iter 2460000 y=0.4781127963231944 elapsed=19.049s ms/call: 1.904851 ms/item: 0.012699 mem: 89.094Mb max: 89.094Mb
iter 2470000 y=0.4781127963231944 elapsed=19.033s ms/call: 1.903335 ms/item: 0.012689 mem: 89.094Mb max: 89.094Mb
iter 2480000 y=0.4781127963231944 elapsed=19.031s ms/call: 1.903051 ms/item: 0.012687 mem: 89.094Mb max: 89.094Mb
iter 2490000 y=0.4781127963231944 elapsed=19.036s ms/call: 1.903596 ms/item: 0.012691 mem: 89.094Mb max: 89.094Mb
iter 2500000 y=0.4781127963231944 elapsed=19.022s ms/call: 1.902244 ms/item: 0.012682 mem: 89.094Mb max: 89.094Mb
iter 2510000 y=0.4781127963231944 elapsed=19.080s ms/call: 1.908030 ms/item: 0.012720 mem: 89.094Mb max: 89.094Mb
iter 2520000 y=0.4781127963231944 elapsed=19.078s ms/call: 1.907767 ms/item: 0.012718 mem: 89.094Mb max: 89.094Mb
iter 2530000 y=0.4781127963231944 elapsed=19.013s ms/call: 1.901340 ms/item: 0.012676 mem: 89.609Mb max: 89.609Mb
iter 2540000 y=0.4781127963231944 elapsed=19.015s ms/call: 1.901487 ms/item: 0.012677 mem: 89.609Mb max: 89.609Mb
iter 2550000 y=0.4781127963231944 elapsed=19.020s ms/call: 1.902045 ms/item: 0.012680 mem: 89.609Mb max: 89.609Mb
iter 2560000 y=0.4781127963231944 elapsed=19.010s ms/call: 1.900969 ms/item: 0.012673 mem: 89.609Mb max: 89.609Mb
iter 2570000 y=0.4781127963231944 elapsed=18.994s ms/call: 1.899400 ms/item: 0.012663 mem: 89.609Mb max: 89.609Mb
iter 2580000 y=0.4781127963231944 elapsed=18.990s ms/call: 1.899001 ms/item: 0.012660 mem: 89.609Mb max: 89.609Mb
iter 2590000 y=0.4781127963231944 elapsed=19.001s ms/call: 1.900068 ms/item: 0.012667 mem: 89.609Mb max: 89.609Mb
iter 2600000 y=0.4781127963231944 elapsed=19.016s ms/call: 1.901630 ms/item: 0.012678 mem: 89.609Mb max: 89.609Mb
iter 2610000 y=0.4781127963231944 elapsed=19.005s ms/call: 1.900501 ms/item: 0.012670 mem: 89.609Mb max: 89.609Mb
iter 2620000 y=0.4781127963231944 elapsed=19.008s ms/call: 1.900795 ms/item: 0.012672 mem: 89.609Mb max: 89.609Mb
iter 2630000 y=0.4781127963231944 elapsed=19.005s ms/call: 1.900468 ms/item: 0.012670 mem: 89.609Mb max: 89.609Mb
iter 2640000 y=0.4781127963231944 elapsed=19.011s ms/call: 1.901077 ms/item: 0.012674 mem: 89.609Mb max: 89.609Mb
iter 2650000 y=0.4781127963231944 elapsed=19.004s ms/call: 1.900384 ms/item: 0.012669 mem: 89.609Mb max: 89.609Mb
iter 2660000 y=0.4781127963231944 elapsed=19.006s ms/call: 1.900586 ms/item: 0.012671 mem: 89.609Mb max: 89.609Mb
iter 2670000 y=0.4781127963231944 elapsed=19.017s ms/call: 1.901737 ms/item: 0.012678 mem: 89.609Mb max: 89.609Mb
iter 2680000 y=0.4781127963231944 elapsed=19.043s ms/call: 1.904266 ms/item: 0.012695 mem: 89.609Mb max: 89.609Mb
iter 2690000 y=0.4781127963231944 elapsed=19.020s ms/call: 1.902014 ms/item: 0.012680 mem: 89.609Mb max: 89.609Mb
iter 2700000 y=0.4781127963231944 elapsed=19.050s ms/call: 1.904994 ms/item: 0.012700 mem: 89.609Mb max: 89.609Mb
iter 2710000 y=0.4781127963231944 elapsed=19.059s ms/call: 1.905910 ms/item: 0.012706 mem: 89.609Mb max: 89.609Mb
iter 2720000 y=0.4781127963231944 elapsed=19.023s ms/call: 1.902273 ms/item: 0.012682 mem: 89.609Mb max: 89.609Mb
iter 2730000 y=0.4781127963231944 elapsed=19.023s ms/call: 1.902272 ms/item: 0.012682 mem: 89.609Mb max: 89.609Mb
iter 2740000 y=0.4781127963231944 elapsed=19.031s ms/call: 1.903059 ms/item: 0.012687 mem: 89.609Mb max: 89.609Mb
iter 2750000 y=0.4781127963231944 elapsed=19.017s ms/call: 1.901746 ms/item: 0.012678 mem: 89.609Mb max: 89.609Mb
iter 2760000 y=0.4781127963231944 elapsed=18.995s ms/call: 1.899510 ms/item: 0.012663 mem: 89.609Mb max: 89.609Mb
iter 2770000 y=0.4781127963231944 elapsed=18.994s ms/call: 1.899443 ms/item: 0.012663 mem: 89.609Mb max: 89.609Mb
iter 2780000 y=0.4781127963231944 elapsed=18.991s ms/call: 1.899066 ms/item: 0.012660 mem: 89.609Mb max: 89.609Mb
iter 2790000 y=0.4781127963231944 elapsed=19.005s ms/call: 1.900452 ms/item: 0.012670 mem: 89.609Mb max: 89.609Mb
iter 2800000 y=0.4781127963231944 elapsed=19.019s ms/call: 1.901878 ms/item: 0.012679 mem: 89.609Mb max: 89.609Mb
iter 2810000 y=0.4781127963231944 elapsed=18.996s ms/call: 1.899580 ms/item: 0.012664 mem: 89.609Mb max: 89.609Mb
iter 2820000 y=0.4781127963231944 elapsed=19.021s ms/call: 1.902125 ms/item: 0.012681 mem: 89.609Mb max: 89.609Mb
iter 2830000 y=0.4781127963231944 elapsed=19.092s ms/call: 1.909186 ms/item: 0.012728 mem: 89.609Mb max: 89.609Mb
iter 2840000 y=0.4781127963231944 elapsed=19.039s ms/call: 1.903895 ms/item: 0.012693 mem: 89.609Mb max: 89.609Mb
iter 2850000 y=0.4781127963231944 elapsed=19.026s ms/call: 1.902575 ms/item: 0.012684 mem: 89.609Mb max: 89.609Mb
iter 2860000 y=0.4781127963231944 elapsed=19.028s ms/call: 1.902822 ms/item: 0.012685 mem: 89.609Mb max: 89.609Mb
iter 2870000 y=0.4781127963231944 elapsed=19.056s ms/call: 1.905606 ms/item: 0.012704 mem: 89.609Mb max: 89.609Mb
iter 2880000 y=0.4781127963231944 elapsed=19.022s ms/call: 1.902175 ms/item: 0.012681 mem: 89.609Mb max: 89.609Mb
iter 2890000 y=0.4781127963231944 elapsed=19.007s ms/call: 1.900693 ms/item: 0.012671 mem: 89.609Mb max: 89.609Mb
iter 2900000 y=0.4781127963231944 elapsed=18.985s ms/call: 1.898489 ms/item: 0.012657 mem: 89.609Mb max: 89.609Mb
iter 2910000 y=0.4781127963231944 elapsed=18.981s ms/call: 1.898126 ms/item: 0.012654 mem: 89.609Mb max: 89.609Mb
iter 2920000 y=0.4781127963231944 elapsed=18.981s ms/call: 1.898123 ms/item: 0.012654 mem: 89.609Mb max: 89.609Mb
iter 2930000 y=0.4781127963231944 elapsed=18.981s ms/call: 1.898052 ms/item: 0.012654 mem: 89.609Mb max: 89.609Mb
iter 2940000 y=0.4781127963231944 elapsed=18.977s ms/call: 1.897705 ms/item: 0.012651 mem: 89.609Mb max: 89.609Mb
iter 2950000 y=0.4781127963231944 elapsed=18.976s ms/call: 1.897573 ms/item: 0.012650 mem: 89.609Mb max: 89.609Mb
iter 2960000 y=0.4781127963231944 elapsed=18.981s ms/call: 1.898101 ms/item: 0.012654 mem: 89.609Mb max: 89.609Mb
iter 2970000 y=0.4781127963231944 elapsed=18.995s ms/call: 1.899499 ms/item: 0.012663 mem: 89.609Mb max: 89.609Mb
iter 2980000 y=0.4781127963231944 elapsed=19.017s ms/call: 1.901691 ms/item: 0.012678 mem: 89.609Mb max: 89.609Mb
iter 2990000 y=0.4781127963231944 elapsed=19.017s ms/call: 1.901679 ms/item: 0.012678 mem: 89.609Mb max: 89.609Mb
iter 3000000 y=0.4781127963231944 elapsed=19.030s ms/call: 1.902956 ms/item: 0.012686 mem: 89.609Mb max: 89.609Mb
